<?xml version="1.0" encoding="UTF-8"?>
<!-- Generated by org.testng.reporters.JUnitReportReporter -->
<testsuite skipped="0" hostname="Atul-Sharma" name="Runner.cucumberRunner" tests="1" failures="0" timestamp="21 Sep 2017 08:29:45 GMT" time="0.090" errors="0">
  <testcase name="feature" time="0.090" classname="Runner.cucumberRunner"/>
</testsuite> <!-- Runner.cucumberRunner -->
