<?xml version="1.0" encoding="UTF-8"?>
<!-- Generated by org.testng.reporters.JUnitReportReporter -->
<testsuite skipped="0" hostname="Atul-Sharma" name="Runner.cucumberRunner" tests="1" failures="0" timestamp="30 Aug 2017 10:33:32 GMT" time="0.046" errors="0">
  <testcase name="feature" time="0.046" classname="Runner.cucumberRunner"/>
</testsuite> <!-- Runner.cucumberRunner -->
