<?xml version="1.0" encoding="UTF-8"?>
<!-- Generated by org.testng.reporters.JUnitReportReporter -->
<testsuite skipped="0" hostname="Atul-Sharma" name="Runner.cucumberRunner" tests="1" failures="0" timestamp="04 Sep 2017 06:27:37 GMT" time="0.053" errors="0">
  <testcase name="feature" time="0.053" classname="Runner.cucumberRunner"/>
</testsuite> <!-- Runner.cucumberRunner -->
